# JRE version: OpenJDK Runtime Environment (8.0_152-b06) (build 1.8.0_152-release-1136-b06)
# Java VM: OpenJDK 64-Bit Server VM (25.152-b06 mixed mode windows-amd64 compressed oops)
Heap:
 PSYoungGen      total 189952K, used 39354K [0x00000000e0000000, 0x00000000ecf00000, 0x0000000100000000)
  eden space 180224K, 21% used [0x00000000e0000000,0x00000000e266ea00,0x00000000eb000000)
  from space 9728K, 0% used [0x00000000ec580000,0x00000000ec580000,0x00000000ecf00000)
  to   space 14336K, 0% used [0x00000000eb300000,0x00000000eb300000,0x00000000ec100000)
 ParOldGen       total 102400K, used 16475K [0x00000000a0000000, 0x00000000a6400000, 0x00000000e0000000)
  object space 102400K, 16% used [0x00000000a0000000,0x00000000a1016c10,0x00000000a6400000)
 Metaspace       used 36973K, capacity 37656K, committed 37800K, reserved 1081344K
  class space    used 5073K, capacity 5296K, committed 5296K, reserved 1048576K
GC Heap History (10 events):
Event: 2.633 GC heap before
{Heap before GC invocations=4 (full 0):
 PSYoungGen      total 70656K, used 29233K [0x00000000e0000000, 0x00000000e8a00000, 0x0000000100000000)
  eden space 65536K, 36% used [0x00000000e0000000,0x00000000e1790558,0x00000000e4000000)
  from space 5120K, 99% used [0x00000000e4000000,0x00000000e44fc010,0x00000000e4500000)
  to   space 5120K, 0% used [0x00000000e8500000,0x00000000e8500000,0x00000000e8a00000)
 ParOldGen       total 86016K, used 5384K [0x00000000a0000000, 0x00000000a5400000, 0x00000000e0000000)
  object space 86016K, 6% used [0x00000000a0000000,0x00000000a05420c0,0x00000000a5400000)
 Metaspace       used 20767K, capacity 21192K, committed 21296K, reserved 1067008K
  class space    used 2914K, capacity 3076K, committed 3120K, reserved 1048576K
Event: 2.644 GC heap after
Heap after GC invocations=4 (full 0):
 PSYoungGen      total 136192K, used 5092K [0x00000000e0000000, 0x00000000e8a00000, 0x0000000100000000)
  eden space 131072K, 0% used [0x00000000e0000000,0x00000000e0000000,0x00000000e8000000)
  from space 5120K, 99% used [0x00000000e8500000,0x00000000e89f9070,0x00000000e8a00000)
  to   space 5120K, 0% used [0x00000000e8000000,0x00000000e8000000,0x00000000e8500000)
 ParOldGen       total 86016K, used 8890K [0x00000000a0000000, 0x00000000a5400000, 0x00000000e0000000)
  object space 86016K, 10% used [0x00000000a0000000,0x00000000a08ae820,0x00000000a5400000)
 Metaspace       used 20767K, capacity 21192K, committed 21296K, reserved 1067008K
  class space    used 2914K, capacity 3076K, committed 3120K, reserved 1048576K
}
Event: 2.644 GC heap before
{Heap before GC invocations=5 (full 1):
 PSYoungGen      total 136192K, used 5092K [0x00000000e0000000, 0x00000000e8a00000, 0x0000000100000000)
  eden space 131072K, 0% used [0x00000000e0000000,0x00000000e0000000,0x00000000e8000000)
  from space 5120K, 99% used [0x00000000e8500000,0x00000000e89f9070,0x00000000e8a00000)
  to   space 5120K, 0% used [0x00000000e8000000,0x00000000e8000000,0x00000000e8500000)
 ParOldGen       total 86016K, used 8890K [0x00000000a0000000, 0x00000000a5400000, 0x00000000e0000000)
  object space 86016K, 10% used [0x00000000a0000000,0x00000000a08ae820,0x00000000a5400000)
 Metaspace       used 20767K, capacity 21192K, committed 21296K, reserved 1067008K
  class space    used 2914K, capacity 3076K, committed 3120K, reserved 1048576K
Event: 2.688 GC heap after
Heap after GC invocations=5 (full 1):
 PSYoungGen      total 136192K, used 0K [0x00000000e0000000, 0x00000000e8a00000, 0x0000000100000000)
  eden space 131072K, 0% used [0x00000000e0000000,0x00000000e0000000,0x00000000e8000000)
  from space 5120K, 0% used [0x00000000e8500000,0x00000000e8500000,0x00000000e8a00000)
  to   space 5120K, 0% used [0x00000000e8000000,0x00000000e8000000,0x00000000e8500000)
 ParOldGen       total 64512K, used 8665K [0x00000000a0000000, 0x00000000a3f00000, 0x00000000e0000000)
  object space 64512K, 13% used [0x00000000a0000000,0x00000000a0876790,0x00000000a3f00000)
 Metaspace       used 20767K, capacity 21192K, committed 21296K, reserved 1067008K
  class space    used 2914K, capacity 3076K, committed 3120K, reserved 1048576K
}
Event: 6.437 GC heap before
{Heap before GC invocations=6 (full 1):
 PSYoungGen      total 136192K, used 131072K [0x00000000e0000000, 0x00000000e8a00000, 0x0000000100000000)
  eden space 131072K, 100% used [0x00000000e0000000,0x00000000e8000000,0x00000000e8000000)
  from space 5120K, 0% used [0x00000000e8500000,0x00000000e8500000,0x00000000e8a00000)
  to   space 5120K, 0% used [0x00000000e8000000,0x00000000e8000000,0x00000000e8500000)
 ParOldGen       total 64512K, used 8665K [0x00000000a0000000, 0x00000000a3f00000, 0x00000000e0000000)
  object space 64512K, 13% used [0x00000000a0000000,0x00000000a0876790,0x00000000a3f00000)
 Metaspace       used 29939K, capacity 30346K, committed 30512K, reserved 1075200K
  class space    used 4167K, capacity 4325K, committed 4400K, reserved 1048576K
Event: 6.448 GC heap after
Heap after GC invocations=6 (full 1):
 PSYoungGen      total 136192K, used 5088K [0x00000000e0000000, 0x00000000ed380000, 0x0000000100000000)
  eden space 131072K, 0% used [0x00000000e0000000,0x00000000e0000000,0x00000000e8000000)
  from space 5120K, 99% used [0x00000000e8000000,0x00000000e84f8020,0x00000000e8500000)
  to   space 14336K, 0% used [0x00000000ec580000,0x00000000ec580000,0x00000000ed380000)
 ParOldGen       total 64512K, used 15968K [0x00000000a0000000, 0x00000000a3f00000, 0x00000000e0000000)
  object space 64512K, 24% used [0x00000000a0000000,0x00000000a0f983e0,0x00000000a3f00000)
 Metaspace       used 29939K, capacity 30346K, committed 30512K, reserved 1075200K
  class space    used 4167K, capacity 4325K, committed 4400K, reserved 1048576K
}
Event: 12.140 GC heap before
{Heap before GC invocations=7 (full 1):
 PSYoungGen      total 136192K, used 40754K [0x00000000e0000000, 0x00000000ed380000, 0x0000000100000000)
  eden space 131072K, 27% used [0x00000000e0000000,0x00000000e22d49d8,0x00000000e8000000)
  from space 5120K, 99% used [0x00000000e8000000,0x00000000e84f8020,0x00000000e8500000)
  to   space 14336K, 0% used [0x00000000ec580000,0x00000000ec580000,0x00000000ed380000)
 ParOldGen       total 64512K, used 15968K [0x00000000a0000000, 0x00000000a3f00000, 0x00000000e0000000)
  object space 64512K, 24% used [0x00000000a0000000,0x00000000a0f983e0,0x00000000a3f00000)
 Metaspace       used 34848K, capacity 35384K, committed 35496K, reserved 1079296K
  class space    used 4818K, capacity 5030K, committed 5040K, reserved 1048576K
Event: 12.149 GC heap after
Heap after GC invocations=7 (full 1):
 PSYoungGen      total 189952K, used 9595K [0x00000000e0000000, 0x00000000ecf00000, 0x0000000100000000)
  eden space 180224K, 0% used [0x00000000e0000000,0x00000000e0000000,0x00000000eb000000)
  from space 9728K, 98% used [0x00000000ec580000,0x00000000eceded18,0x00000000ecf00000)
  to   space 14336K, 0% used [0x00000000eb300000,0x00000000eb300000,0x00000000ec100000)
 ParOldGen       total 64512K, used 15976K [0x00000000a0000000, 0x00000000a3f00000, 0x00000000e0000000)
  object space 64512K, 24% used [0x00000000a0000000,0x00000000a0f9a3e0,0x00000000a3f00000)
 Metaspace       used 34848K, capacity 35384K, committed 35496K, reserved 1079296K
  class space    used 4818K, capacity 5030K, committed 5040K, reserved 1048576K
}
Event: 12.149 GC heap before
{Heap before GC invocations=8 (full 2):
 PSYoungGen      total 189952K, used 9595K [0x00000000e0000000, 0x00000000ecf00000, 0x0000000100000000)
  eden space 180224K, 0% used [0x00000000e0000000,0x00000000e0000000,0x00000000eb000000)
  from space 9728K, 98% used [0x00000000ec580000,0x00000000eceded18,0x00000000ecf00000)
  to   space 14336K, 0% used [0x00000000eb300000,0x00000000eb300000,0x00000000ec100000)
 ParOldGen       total 64512K, used 15976K [0x00000000a0000000, 0x00000000a3f00000, 0x00000000e0000000)
  object space 64512K, 24% used [0x00000000a0000000,0x00000000a0f9a3e0,0x00000000a3f00000)
 Metaspace       used 34848K, capacity 35384K, committed 35496K, reserved 1079296K
  class space    used 4818K, capacity 5030K, committed 5040K, reserved 1048576K
Event: 12.216 GC heap after
Heap after GC invocations=8 (full 2):
 PSYoungGen      total 189952K, used 0K [0x00000000e0000000, 0x00000000ecf00000, 0x0000000100000000)
  eden space 180224K, 0% used [0x00000000e0000000,0x00000000e0000000,0x00000000eb000000)
  from space 9728K, 0% used [0x00000000ec580000,0x00000000ec580000,0x00000000ecf00000)
  to   space 14336K, 0% used [0x00000000eb300000,0x00000000eb300000,0x00000000ec100000)
 ParOldGen       total 102400K, used 16475K [0x00000000a0000000, 0x00000000a6400000, 0x00000000e0000000)
  object space 102400K, 16% used [0x00000000a0000000,0x00000000a1016c10,0x00000000a6400000)
 Metaspace       used 34848K, capacity 35384K, committed 35496K, reserved 1079296K
  class space    used 4818K, capacity 5030K, committed 5040K, reserved 1048576K
}

