# JRE version: OpenJDK Runtime Environment (8.0_152-b06) (build 1.8.0_152-release-1136-b06)
# Java VM: OpenJDK 64-Bit Server VM (25.152-b06 mixed mode windows-amd64 compressed oops)
Heap:
 PSYoungGen      total 193024K, used 53866K [0x00000000e0000000, 0x00000000ef780000, 0x0000000100000000)
  eden space 168448K, 21% used [0x00000000e0000000,0x00000000e241aae0,0x00000000ea480000)
  from space 24576K, 68% used [0x00000000ea480000,0x00000000eb4ffec0,0x00000000ebc80000)
  to   space 25600K, 0% used [0x00000000ede80000,0x00000000ede80000,0x00000000ef780000)
 ParOldGen       total 146944K, used 37204K [0x00000000a0000000, 0x00000000a8f80000, 0x00000000e0000000)
  object space 146944K, 25% used [0x00000000a0000000,0x00000000a2455348,0x00000000a8f80000)
 Metaspace       used 67652K, capacity 69462K, committed 69528K, reserved 1110016K
  class space    used 8941K, capacity 9360K, committed 9392K, reserved 1048576K
GC Heap History (10 events):
Event: 17.750 GC heap before
{Heap before GC invocations=10 (full 2):
 PSYoungGen      total 138752K, used 128512K [0x00000000e0000000, 0x00000000ea080000, 0x0000000100000000)
  eden space 128512K, 100% used [0x00000000e0000000,0x00000000e7d80000,0x00000000e7d80000)
  from space 10240K, 0% used [0x00000000e7d80000,0x00000000e7d80000,0x00000000e8780000)
  to   space 12800K, 0% used [0x00000000e9400000,0x00000000e9400000,0x00000000ea080000)
 ParOldGen       total 98816K, used 19318K [0x00000000a0000000, 0x00000000a6080000, 0x00000000e0000000)
  object space 98816K, 19% used [0x00000000a0000000,0x00000000a12dda10,0x00000000a6080000)
 Metaspace       used 42524K, capacity 43412K, committed 43688K, reserved 1087488K
  class space    used 5737K, capacity 6009K, committed 6064K, reserved 1048576K
Event: 17.780 GC heap after
Heap after GC invocations=10 (full 2):
 PSYoungGen      total 148992K, used 12790K [0x00000000e0000000, 0x00000000ed600000, 0x0000000100000000)
  eden space 136192K, 0% used [0x00000000e0000000,0x00000000e0000000,0x00000000e8500000)
  from space 12800K, 99% used [0x00000000e9400000,0x00000000ea07dbe8,0x00000000ea080000)
  to   space 15360K, 0% used [0x00000000e8500000,0x00000000e8500000,0x00000000e9400000)
 ParOldGen       total 98816K, used 21730K [0x00000000a0000000, 0x00000000a6080000, 0x00000000e0000000)
  object space 98816K, 21% used [0x00000000a0000000,0x00000000a1538b78,0x00000000a6080000)
 Metaspace       used 42524K, capacity 43412K, committed 43688K, reserved 1087488K
  class space    used 5737K, capacity 6009K, committed 6064K, reserved 1048576K
}
Event: 20.919 GC heap before
{Heap before GC invocations=11 (full 2):
 PSYoungGen      total 148992K, used 148982K [0x00000000e0000000, 0x00000000ed600000, 0x0000000100000000)
  eden space 136192K, 100% used [0x00000000e0000000,0x00000000e8500000,0x00000000e8500000)
  from space 12800K, 99% used [0x00000000e9400000,0x00000000ea07dbe8,0x00000000ea080000)
  to   space 15360K, 0% used [0x00000000e8500000,0x00000000e8500000,0x00000000e9400000)
 ParOldGen       total 98816K, used 21730K [0x00000000a0000000, 0x00000000a6080000, 0x00000000e0000000)
  object space 98816K, 21% used [0x00000000a0000000,0x00000000a1538b78,0x00000000a6080000)
 Metaspace       used 54653K, capacity 56254K, committed 56616K, reserved 1097728K
  class space    used 7432K, capacity 7858K, committed 7984K, reserved 1048576K
Event: 20.940 GC heap after
Heap after GC invocations=11 (full 2):
 PSYoungGen      total 151552K, used 15357K [0x00000000e0000000, 0x00000000ed080000, 0x0000000100000000)
  eden space 136192K, 0% used [0x00000000e0000000,0x00000000e0000000,0x00000000e8500000)
  from space 15360K, 99% used [0x00000000e8500000,0x00000000e93ff500,0x00000000e9400000)
  to   space 20480K, 0% used [0x00000000ebc80000,0x00000000ebc80000,0x00000000ed080000)
 ParOldGen       total 98816K, used 28798K [0x00000000a0000000, 0x00000000a6080000, 0x00000000e0000000)
  object space 98816K, 29% used [0x00000000a0000000,0x00000000a1c1fa68,0x00000000a6080000)
 Metaspace       used 54653K, capacity 56254K, committed 56616K, reserved 1097728K
  class space    used 7432K, capacity 7858K, committed 7984K, reserved 1048576K
}
Event: 26.151 GC heap before
{Heap before GC invocations=12 (full 2):
 PSYoungGen      total 151552K, used 88458K [0x00000000e0000000, 0x00000000ed080000, 0x0000000100000000)
  eden space 136192K, 53% used [0x00000000e0000000,0x00000000e4763490,0x00000000e8500000)
  from space 15360K, 99% used [0x00000000e8500000,0x00000000e93ff500,0x00000000e9400000)
  to   space 20480K, 0% used [0x00000000ebc80000,0x00000000ebc80000,0x00000000ed080000)
 ParOldGen       total 98816K, used 28798K [0x00000000a0000000, 0x00000000a6080000, 0x00000000e0000000)
  object space 98816K, 29% used [0x00000000a0000000,0x00000000a1c1fa68,0x00000000a6080000)
 Metaspace       used 57510K, capacity 59068K, committed 59160K, reserved 1099776K
  class space    used 7808K, capacity 8203K, committed 8240K, reserved 1048576K
Event: 26.183 GC heap after
Heap after GC invocations=12 (full 2):
 PSYoungGen      total 188928K, used 20461K [0x00000000e0000000, 0x00000000ed700000, 0x0000000100000000)
  eden space 168448K, 0% used [0x00000000e0000000,0x00000000e0000000,0x00000000ea480000)
  from space 20480K, 99% used [0x00000000ebc80000,0x00000000ed07b530,0x00000000ed080000)
  to   space 24576K, 0% used [0x00000000ea480000,0x00000000ea480000,0x00000000ebc80000)
 ParOldGen       total 98816K, used 32482K [0x00000000a0000000, 0x00000000a6080000, 0x00000000e0000000)
  object space 98816K, 32% used [0x00000000a0000000,0x00000000a1fb8908,0x00000000a6080000)
 Metaspace       used 57510K, capacity 59068K, committed 59160K, reserved 1099776K
  class space    used 7808K, capacity 8203K, committed 8240K, reserved 1048576K
}
Event: 26.183 GC heap before
{Heap before GC invocations=13 (full 3):
 PSYoungGen      total 188928K, used 20461K [0x00000000e0000000, 0x00000000ed700000, 0x0000000100000000)
  eden space 168448K, 0% used [0x00000000e0000000,0x00000000e0000000,0x00000000ea480000)
  from space 20480K, 99% used [0x00000000ebc80000,0x00000000ed07b530,0x00000000ed080000)
  to   space 24576K, 0% used [0x00000000ea480000,0x00000000ea480000,0x00000000ebc80000)
 ParOldGen       total 98816K, used 32482K [0x00000000a0000000, 0x00000000a6080000, 0x00000000e0000000)
  object space 98816K, 32% used [0x00000000a0000000,0x00000000a1fb8908,0x00000000a6080000)
 Metaspace       used 57510K, capacity 59068K, committed 59160K, reserved 1099776K
  class space    used 7808K, capacity 8203K, committed 8240K, reserved 1048576K
Event: 26.381 GC heap after
Heap after GC invocations=13 (full 3):
 PSYoungGen      total 188928K, used 0K [0x00000000e0000000, 0x00000000ed700000, 0x0000000100000000)
  eden space 168448K, 0% used [0x00000000e0000000,0x00000000e0000000,0x00000000ea480000)
  from space 20480K, 0% used [0x00000000ebc80000,0x00000000ebc80000,0x00000000ed080000)
  to   space 24576K, 0% used [0x00000000ea480000,0x00000000ea480000,0x00000000ebc80000)
 ParOldGen       total 146944K, used 37196K [0x00000000a0000000, 0x00000000a8f80000, 0x00000000e0000000)
  object space 146944K, 25% used [0x00000000a0000000,0x00000000a2453348,0x00000000a8f80000)
 Metaspace       used 57510K, capacity 59068K, committed 59160K, reserved 1099776K
  class space    used 7808K, capacity 8203K, committed 8240K, reserved 1048576K
}
Event: 54.370 GC heap before
{Heap before GC invocations=14 (full 3):
 PSYoungGen      total 188928K, used 168448K [0x00000000e0000000, 0x00000000ed700000, 0x0000000100000000)
  eden space 168448K, 100% used [0x00000000e0000000,0x00000000ea480000,0x00000000ea480000)
  from space 20480K, 0% used [0x00000000ebc80000,0x00000000ebc80000,0x00000000ed080000)
  to   space 24576K, 0% used [0x00000000ea480000,0x00000000ea480000,0x00000000ebc80000)
 ParOldGen       total 146944K, used 37196K [0x00000000a0000000, 0x00000000a8f80000, 0x00000000e0000000)
  object space 146944K, 25% used [0x00000000a0000000,0x00000000a2453348,0x00000000a8f80000)
 Metaspace       used 67336K, capacity 69034K, committed 69272K, reserved 1110016K
  class space    used 8932K, capacity 9344K, committed 9392K, reserved 1048576K
Event: 54.410 GC heap after
Heap after GC invocations=14 (full 3):
 PSYoungGen      total 193024K, used 16895K [0x00000000e0000000, 0x00000000ef780000, 0x0000000100000000)
  eden space 168448K, 0% used [0x00000000e0000000,0x00000000e0000000,0x00000000ea480000)
  from space 24576K, 68% used [0x00000000ea480000,0x00000000eb4ffec0,0x00000000ebc80000)
  to   space 25600K, 0% used [0x00000000ede80000,0x00000000ede80000,0x00000000ef780000)
 ParOldGen       total 146944K, used 37204K [0x00000000a0000000, 0x00000000a8f80000, 0x00000000e0000000)
  object space 146944K, 25% used [0x00000000a0000000,0x00000000a2455348,0x00000000a8f80000)
 Metaspace       used 67336K, capacity 69034K, committed 69272K, reserved 1110016K
  class space    used 8932K, capacity 9344K, committed 9392K, reserved 1048576K
}

