# JRE version: OpenJDK Runtime Environment (8.0_152-b06) (build 1.8.0_152-release-1136-b06)
# Java VM: OpenJDK 64-Bit Server VM (25.152-b06 mixed mode windows-amd64 compressed oops)
Heap:
 PSYoungGen      total 70656K, used 47584K [0x00000000d6000000, 0x00000000daa00000, 0x0000000100000000)
  eden space 65536K, 72% used [0x00000000d6000000,0x00000000d8e78000,0x00000000da000000)
  from space 5120K, 0% used [0x00000000da500000,0x00000000da500000,0x00000000daa00000)
  to   space 5120K, 0% used [0x00000000da000000,0x00000000da000000,0x00000000da500000)
 ParOldGen       total 64512K, used 6356K [0x0000000082000000, 0x0000000085f00000, 0x00000000d6000000)
  object space 64512K, 9% used [0x0000000082000000,0x0000000082635300,0x0000000085f00000)
 Metaspace       used 21627K, capacity 22022K, committed 22400K, reserved 1071104K
  class space    used 2767K, capacity 2893K, committed 2944K, reserved 1048576K
GC Heap History (6 events):
Event: 0.545 GC heap before
{Heap before GC invocations=1 (full 0):
 PSYoungGen      total 37888K, used 32768K [0x00000000d6000000, 0x00000000d8a00000, 0x0000000100000000)
  eden space 32768K, 100% used [0x00000000d6000000,0x00000000d8000000,0x00000000d8000000)
  from space 5120K, 0% used [0x00000000d8500000,0x00000000d8500000,0x00000000d8a00000)
  to   space 5120K, 0% used [0x00000000d8000000,0x00000000d8000000,0x00000000d8500000)
 ParOldGen       total 86016K, used 0K [0x0000000082000000, 0x0000000087400000, 0x00000000d6000000)
  object space 86016K, 0% used [0x0000000082000000,0x0000000082000000,0x0000000087400000)
 Metaspace       used 9212K, capacity 9972K, committed 10112K, reserved 1058816K
  class space    used 1033K, capacity 1072K, committed 1152K, reserved 1048576K
Event: 0.552 GC heap after
Heap after GC invocations=1 (full 0):
 PSYoungGen      total 37888K, used 5106K [0x00000000d6000000, 0x00000000daa00000, 0x0000000100000000)
  eden space 32768K, 0% used [0x00000000d6000000,0x00000000d6000000,0x00000000d8000000)
  from space 5120K, 99% used [0x00000000d8000000,0x00000000d84fcaa0,0x00000000d8500000)
  to   space 5120K, 0% used [0x00000000da500000,0x00000000da500000,0x00000000daa00000)
 ParOldGen       total 86016K, used 2858K [0x0000000082000000, 0x0000000087400000, 0x00000000d6000000)
  object space 86016K, 3% used [0x0000000082000000,0x00000000822caa20,0x0000000087400000)
 Metaspace       used 9212K, capacity 9972K, committed 10112K, reserved 1058816K
  class space    used 1033K, capacity 1072K, committed 1152K, reserved 1048576K
}
Event: 0.816 GC heap before
{Heap before GC invocations=2 (full 0):
 PSYoungGen      total 37888K, used 22293K [0x00000000d6000000, 0x00000000daa00000, 0x0000000100000000)
  eden space 32768K, 52% used [0x00000000d6000000,0x00000000d70c8bb8,0x00000000d8000000)
  from space 5120K, 99% used [0x00000000d8000000,0x00000000d84fcaa0,0x00000000d8500000)
  to   space 5120K, 0% used [0x00000000da500000,0x00000000da500000,0x00000000daa00000)
 ParOldGen       total 86016K, used 2858K [0x0000000082000000, 0x0000000087400000, 0x00000000d6000000)
  object space 86016K, 3% used [0x0000000082000000,0x00000000822caa20,0x0000000087400000)
 Metaspace       used 13324K, capacity 13562K, committed 13696K, reserved 1067008K
  class space    used 1536K, capacity 1587K, committed 1664K, reserved 1048576K
Event: 0.823 GC heap after
Heap after GC invocations=2 (full 0):
 PSYoungGen      total 70656K, used 5112K [0x00000000d6000000, 0x00000000daa00000, 0x0000000100000000)
  eden space 65536K, 0% used [0x00000000d6000000,0x00000000d6000000,0x00000000da000000)
  from space 5120K, 99% used [0x00000000da500000,0x00000000da9fe098,0x00000000daa00000)
  to   space 5120K, 0% used [0x00000000da000000,0x00000000da000000,0x00000000da500000)
 ParOldGen       total 86016K, used 4278K [0x0000000082000000, 0x0000000087400000, 0x00000000d6000000)
  object space 86016K, 4% used [0x0000000082000000,0x000000008242d8b8,0x0000000087400000)
 Metaspace       used 13324K, capacity 13562K, committed 13696K, reserved 1067008K
  class space    used 1536K, capacity 1587K, committed 1664K, reserved 1048576K
}
Event: 0.823 GC heap before
{Heap before GC invocations=3 (full 1):
 PSYoungGen      total 70656K, used 5112K [0x00000000d6000000, 0x00000000daa00000, 0x0000000100000000)
  eden space 65536K, 0% used [0x00000000d6000000,0x00000000d6000000,0x00000000da000000)
  from space 5120K, 99% used [0x00000000da500000,0x00000000da9fe098,0x00000000daa00000)
  to   space 5120K, 0% used [0x00000000da000000,0x00000000da000000,0x00000000da500000)
 ParOldGen       total 86016K, used 4278K [0x0000000082000000, 0x0000000087400000, 0x00000000d6000000)
  object space 86016K, 4% used [0x0000000082000000,0x000000008242d8b8,0x0000000087400000)
 Metaspace       used 13324K, capacity 13562K, committed 13696K, reserved 1067008K
  class space    used 1536K, capacity 1587K, committed 1664K, reserved 1048576K
Event: 0.850 GC heap after
Heap after GC invocations=3 (full 1):
 PSYoungGen      total 70656K, used 0K [0x00000000d6000000, 0x00000000daa00000, 0x0000000100000000)
  eden space 65536K, 0% used [0x00000000d6000000,0x00000000d6000000,0x00000000da000000)
  from space 5120K, 0% used [0x00000000da500000,0x00000000da500000,0x00000000daa00000)
  to   space 5120K, 0% used [0x00000000da000000,0x00000000da000000,0x00000000da500000)
 ParOldGen       total 64512K, used 6356K [0x0000000082000000, 0x0000000085f00000, 0x00000000d6000000)
  object space 64512K, 9% used [0x0000000082000000,0x0000000082635300,0x0000000085f00000)
 Metaspace       used 13324K, capacity 13562K, committed 13696K, reserved 1064960K
  class space    used 1536K, capacity 1587K, committed 1664K, reserved 1048576K
}

