# JRE version: OpenJDK Runtime Environment (8.0_152-b06) (build 1.8.0_152-release-1136-b06)
# Java VM: OpenJDK 64-Bit Server VM (25.152-b06 mixed mode windows-amd64 compressed oops)
Heap:
 PSYoungGen      total 48640K, used 8273K [0x00000000e0000000, 0x00000000e4a00000, 0x0000000100000000)
  eden space 43520K, 7% used [0x00000000e0000000,0x00000000e03162d8,0x00000000e2a80000)
  from space 5120K, 99% used [0x00000000e4500000,0x00000000e49fe3c0,0x00000000e4a00000)
  to   space 5120K, 0% used [0x00000000e4000000,0x00000000e4000000,0x00000000e4500000)
 ParOldGen       total 65536K, used 10455K [0x00000000a0000000, 0x00000000a4000000, 0x00000000e0000000)
  object space 65536K, 15% used [0x00000000a0000000,0x00000000a0a35f40,0x00000000a4000000)
 Metaspace       used 24534K, capacity 24914K, committed 25344K, reserved 1073152K
  class space    used 3118K, capacity 3223K, committed 3328K, reserved 1048576K
GC Heap History (10 events):
Event: 0.627 GC heap before
{Heap before GC invocations=2 (full 1):
 PSYoungGen      total 37888K, used 2935K [0x00000000e0000000, 0x00000000e2a00000, 0x0000000100000000)
  eden space 32768K, 0% used [0x00000000e0000000,0x00000000e0000000,0x00000000e2000000)
  from space 5120K, 57% used [0x00000000e2000000,0x00000000e22ddc58,0x00000000e2500000)
  to   space 5120K, 0% used [0x00000000e2500000,0x00000000e2500000,0x00000000e2a00000)
 ParOldGen       total 86016K, used 8K [0x00000000a0000000, 0x00000000a5400000, 0x00000000e0000000)
  object space 86016K, 0% used [0x00000000a0000000,0x00000000a0002000,0x00000000a5400000)
 Metaspace       used 9084K, capacity 9276K, committed 9600K, reserved 1058816K
  class space    used 968K, capacity 1056K, committed 1152K, reserved 1048576K
Event: 0.638 GC heap after
Heap after GC invocations=2 (full 1):
 PSYoungGen      total 37888K, used 0K [0x00000000e0000000, 0x00000000e2a00000, 0x0000000100000000)
  eden space 32768K, 0% used [0x00000000e0000000,0x00000000e0000000,0x00000000e2000000)
  from space 5120K, 0% used [0x00000000e2000000,0x00000000e2000000,0x00000000e2500000)
  to   space 5120K, 0% used [0x00000000e2500000,0x00000000e2500000,0x00000000e2a00000)
 ParOldGen       total 86016K, used 2702K [0x00000000a0000000, 0x00000000a5400000, 0x00000000e0000000)
  object space 86016K, 3% used [0x00000000a0000000,0x00000000a02a3b10,0x00000000a5400000)
 Metaspace       used 9084K, capacity 9276K, committed 9600K, reserved 1058816K
  class space    used 968K, capacity 1056K, committed 1152K, reserved 1048576K
}
Event: 1.297 GC heap before
{Heap before GC invocations=3 (full 1):
 PSYoungGen      total 37888K, used 32766K [0x00000000e0000000, 0x00000000e2a00000, 0x0000000100000000)
  eden space 32768K, 99% used [0x00000000e0000000,0x00000000e1fff878,0x00000000e2000000)
  from space 5120K, 0% used [0x00000000e2000000,0x00000000e2000000,0x00000000e2500000)
  to   space 5120K, 0% used [0x00000000e2500000,0x00000000e2500000,0x00000000e2a00000)
 ParOldGen       total 86016K, used 2702K [0x00000000a0000000, 0x00000000a5400000, 0x00000000e0000000)
  object space 86016K, 3% used [0x00000000a0000000,0x00000000a02a3b10,0x00000000a5400000)
 Metaspace       used 14151K, capacity 14456K, committed 14592K, reserved 1062912K
  class space    used 1629K, capacity 1730K, committed 1792K, reserved 1048576K
Event: 1.305 GC heap after
Heap after GC invocations=3 (full 1):
 PSYoungGen      total 37888K, used 5104K [0x00000000e0000000, 0x00000000e4a00000, 0x0000000100000000)
  eden space 32768K, 0% used [0x00000000e0000000,0x00000000e0000000,0x00000000e2000000)
  from space 5120K, 99% used [0x00000000e2500000,0x00000000e29fc048,0x00000000e2a00000)
  to   space 5120K, 0% used [0x00000000e2000000,0x00000000e2000000,0x00000000e2500000)
 ParOldGen       total 86016K, used 5108K [0x00000000a0000000, 0x00000000a5400000, 0x00000000e0000000)
  object space 86016K, 5% used [0x00000000a0000000,0x00000000a04fd0c8,0x00000000a5400000)
 Metaspace       used 14151K, capacity 14456K, committed 14592K, reserved 1062912K
  class space    used 1629K, capacity 1730K, committed 1792K, reserved 1048576K
}
Event: 1.708 GC heap before
{Heap before GC invocations=4 (full 1):
 PSYoungGen      total 37888K, used 20813K [0x00000000e0000000, 0x00000000e4a00000, 0x0000000100000000)
  eden space 32768K, 47% used [0x00000000e0000000,0x00000000e0f57538,0x00000000e2000000)
  from space 5120K, 99% used [0x00000000e2500000,0x00000000e29fc048,0x00000000e2a00000)
  to   space 5120K, 0% used [0x00000000e2000000,0x00000000e2000000,0x00000000e2500000)
 ParOldGen       total 86016K, used 5108K [0x00000000a0000000, 0x00000000a5400000, 0x00000000e0000000)
  object space 86016K, 5% used [0x00000000a0000000,0x00000000a04fd0c8,0x00000000a5400000)
 Metaspace       used 17154K, capacity 17374K, committed 17536K, reserved 1069056K
  class space    used 1991K, capacity 2067K, committed 2176K, reserved 1048576K
Event: 1.714 GC heap after
Heap after GC invocations=4 (full 1):
 PSYoungGen      total 37888K, used 5094K [0x00000000e0000000, 0x00000000e4a00000, 0x0000000100000000)
  eden space 32768K, 0% used [0x00000000e0000000,0x00000000e0000000,0x00000000e2000000)
  from space 5120K, 99% used [0x00000000e2000000,0x00000000e24f9910,0x00000000e2500000)
  to   space 5120K, 0% used [0x00000000e4500000,0x00000000e4500000,0x00000000e4a00000)
 ParOldGen       total 86016K, used 6622K [0x00000000a0000000, 0x00000000a5400000, 0x00000000e0000000)
  object space 86016K, 7% used [0x00000000a0000000,0x00000000a0677880,0x00000000a5400000)
 Metaspace       used 17154K, capacity 17374K, committed 17536K, reserved 1069056K
  class space    used 1991K, capacity 2067K, committed 2176K, reserved 1048576K
}
Event: 1.714 GC heap before
{Heap before GC invocations=5 (full 2):
 PSYoungGen      total 37888K, used 5094K [0x00000000e0000000, 0x00000000e4a00000, 0x0000000100000000)
  eden space 32768K, 0% used [0x00000000e0000000,0x00000000e0000000,0x00000000e2000000)
  from space 5120K, 99% used [0x00000000e2000000,0x00000000e24f9910,0x00000000e2500000)
  to   space 5120K, 0% used [0x00000000e4500000,0x00000000e4500000,0x00000000e4a00000)
 ParOldGen       total 86016K, used 6622K [0x00000000a0000000, 0x00000000a5400000, 0x00000000e0000000)
  object space 86016K, 7% used [0x00000000a0000000,0x00000000a0677880,0x00000000a5400000)
 Metaspace       used 17154K, capacity 17374K, committed 17536K, reserved 1069056K
  class space    used 1991K, capacity 2067K, committed 2176K, reserved 1048576K
Event: 1.742 GC heap after
Heap after GC invocations=5 (full 2):
 PSYoungGen      total 37888K, used 0K [0x00000000e0000000, 0x00000000e4a00000, 0x0000000100000000)
  eden space 32768K, 0% used [0x00000000e0000000,0x00000000e0000000,0x00000000e2000000)
  from space 5120K, 0% used [0x00000000e2000000,0x00000000e2000000,0x00000000e2500000)
  to   space 5120K, 0% used [0x00000000e4500000,0x00000000e4500000,0x00000000e4a00000)
 ParOldGen       total 65536K, used 7782K [0x00000000a0000000, 0x00000000a4000000, 0x00000000e0000000)
  object space 65536K, 11% used [0x00000000a0000000,0x00000000a0799800,0x00000000a4000000)
 Metaspace       used 17154K, capacity 17374K, committed 17536K, reserved 1067008K
  class space    used 1991K, capacity 2067K, committed 2176K, reserved 1048576K
}
Event: 2.513 GC heap before
{Heap before GC invocations=6 (full 2):
 PSYoungGen      total 37888K, used 32768K [0x00000000e0000000, 0x00000000e4a00000, 0x0000000100000000)
  eden space 32768K, 100% used [0x00000000e0000000,0x00000000e2000000,0x00000000e2000000)
  from space 5120K, 0% used [0x00000000e2000000,0x00000000e2000000,0x00000000e2500000)
  to   space 5120K, 0% used [0x00000000e4500000,0x00000000e4500000,0x00000000e4a00000)
 ParOldGen       total 65536K, used 7782K [0x00000000a0000000, 0x00000000a4000000, 0x00000000e0000000)
  object space 65536K, 11% used [0x00000000a0000000,0x00000000a0799800,0x00000000a4000000)
 Metaspace       used 24001K, capacity 24388K, committed 24704K, reserved 1071104K
  class space    used 3030K, capacity 3154K, committed 3200K, reserved 1048576K
Event: 2.521 GC heap after
Heap after GC invocations=6 (full 2):
 PSYoungGen      total 48640K, used 5112K [0x00000000e0000000, 0x00000000e4a00000, 0x0000000100000000)
  eden space 43520K, 0% used [0x00000000e0000000,0x00000000e0000000,0x00000000e2a80000)
  from space 5120K, 99% used [0x00000000e4500000,0x00000000e49fe3c0,0x00000000e4a00000)
  to   space 5120K, 0% used [0x00000000e4000000,0x00000000e4000000,0x00000000e4500000)
 ParOldGen       total 65536K, used 10455K [0x00000000a0000000, 0x00000000a4000000, 0x00000000e0000000)
  object space 65536K, 15% used [0x00000000a0000000,0x00000000a0a35f40,0x00000000a4000000)
 Metaspace       used 24001K, capacity 24388K, committed 24704K, reserved 1071104K
  class space    used 3030K, capacity 3154K, committed 3200K, reserved 1048576K
}

