# JRE version: OpenJDK Runtime Environment (8.0_152-b06) (build 1.8.0_152-release-1136-b06)
# Java VM: OpenJDK 64-Bit Server VM (25.152-b06 mixed mode windows-amd64 compressed oops)
Heap:
 PSYoungGen      total 444928K, used 377272K [0x00000000e0000000, 0x00000000fdd80000, 0x0000000100000000)
  eden space 414720K, 83% used [0x00000000e0000000,0x00000000f52f12e0,0x00000000f9500000)
  from space 30208K, 99% used [0x00000000fc000000,0x00000000fdd7ce50,0x00000000fdd80000)
  to   space 35840K, 0% used [0x00000000f9780000,0x00000000f9780000,0x00000000fba80000)
 ParOldGen       total 123904K, used 44035K [0x00000000a0000000, 0x00000000a7900000, 0x00000000e0000000)
  object space 123904K, 35% used [0x00000000a0000000,0x00000000a2b00f60,0x00000000a7900000)
 Metaspace       used 92138K, capacity 96420K, committed 96768K, reserved 1132544K
  class space    used 12065K, capacity 12941K, committed 13056K, reserved 1048576K
GC Heap History (10 events):
Event: 51.613 GC heap before
{Heap before GC invocations=9 (full 2):
 PSYoungGen      total 214528K, used 203264K [0x00000000e0000000, 0x00000000ee880000, 0x0000000100000000)
  eden space 203264K, 100% used [0x00000000e0000000,0x00000000ec680000,0x00000000ec680000)
  from space 11264K, 0% used [0x00000000edd80000,0x00000000edd80000,0x00000000ee880000)
  to   space 15872K, 0% used [0x00000000ec980000,0x00000000ec980000,0x00000000ed900000)
 ParOldGen       total 88576K, used 18298K [0x00000000a0000000, 0x00000000a5680000, 0x00000000e0000000)
  object space 88576K, 20% used [0x00000000a0000000,0x00000000a11de9c8,0x00000000a5680000)
 Metaspace       used 51909K, capacity 53000K, committed 53120K, reserved 1095680K
  class space    used 6921K, capacity 7290K, committed 7296K, reserved 1048576K
Event: 51.659 GC heap after
Heap after GC invocations=9 (full 2):
 PSYoungGen      total 222208K, used 15845K [0x00000000e0000000, 0x00000000f6280000, 0x0000000100000000)
  eden space 206336K, 0% used [0x00000000e0000000,0x00000000e0000000,0x00000000ec980000)
  from space 15872K, 99% used [0x00000000ec980000,0x00000000ed8f96c8,0x00000000ed900000)
  to   space 21504K, 0% used [0x00000000f4d80000,0x00000000f4d80000,0x00000000f6280000)
 ParOldGen       total 88576K, used 25087K [0x00000000a0000000, 0x00000000a5680000, 0x00000000e0000000)
  object space 88576K, 28% used [0x00000000a0000000,0x00000000a187fc28,0x00000000a5680000)
 Metaspace       used 51909K, capacity 53000K, committed 53120K, reserved 1095680K
  class space    used 6921K, capacity 7290K, committed 7296K, reserved 1048576K
}
Event: 53.878 GC heap before
{Heap before GC invocations=10 (full 2):
 PSYoungGen      total 222208K, used 86427K [0x00000000e0000000, 0x00000000f6280000, 0x0000000100000000)
  eden space 206336K, 34% used [0x00000000e0000000,0x00000000e44ed570,0x00000000ec980000)
  from space 15872K, 99% used [0x00000000ec980000,0x00000000ed8f96c8,0x00000000ed900000)
  to   space 21504K, 0% used [0x00000000f4d80000,0x00000000f4d80000,0x00000000f6280000)
 ParOldGen       total 88576K, used 25087K [0x00000000a0000000, 0x00000000a5680000, 0x00000000e0000000)
  object space 88576K, 28% used [0x00000000a0000000,0x00000000a187fc28,0x00000000a5680000)
 Metaspace       used 57268K, capacity 58980K, committed 59028K, reserved 1099776K
  class space    used 7719K, capacity 8168K, committed 8192K, reserved 1048576K
Event: 53.904 GC heap after
Heap after GC invocations=10 (full 2):
 PSYoungGen      total 338944K, used 18812K [0x00000000e0000000, 0x00000000f6d80000, 0x0000000100000000)
  eden space 317440K, 0% used [0x00000000e0000000,0x00000000e0000000,0x00000000f3600000)
  from space 21504K, 87% used [0x00000000f4d80000,0x00000000f5fdf2f0,0x00000000f6280000)
  to   space 24064K, 0% used [0x00000000f3600000,0x00000000f3600000,0x00000000f4d80000)
 ParOldGen       total 88576K, used 25159K [0x00000000a0000000, 0x00000000a5680000, 0x00000000e0000000)
  object space 88576K, 28% used [0x00000000a0000000,0x00000000a1891c38,0x00000000a5680000)
 Metaspace       used 57268K, capacity 58980K, committed 59028K, reserved 1099776K
  class space    used 7719K, capacity 8168K, committed 8192K, reserved 1048576K
}
Event: 53.904 GC heap before
{Heap before GC invocations=11 (full 3):
 PSYoungGen      total 338944K, used 18812K [0x00000000e0000000, 0x00000000f6d80000, 0x0000000100000000)
  eden space 317440K, 0% used [0x00000000e0000000,0x00000000e0000000,0x00000000f3600000)
  from space 21504K, 87% used [0x00000000f4d80000,0x00000000f5fdf2f0,0x00000000f6280000)
  to   space 24064K, 0% used [0x00000000f3600000,0x00000000f3600000,0x00000000f4d80000)
 ParOldGen       total 88576K, used 25159K [0x00000000a0000000, 0x00000000a5680000, 0x00000000e0000000)
  object space 88576K, 28% used [0x00000000a0000000,0x00000000a1891c38,0x00000000a5680000)
 Metaspace       used 57268K, capacity 58980K, committed 59028K, reserved 1099776K
  class space    used 7719K, capacity 8168K, committed 8192K, reserved 1048576K
Event: 54.143 GC heap after
Heap after GC invocations=11 (full 3):
 PSYoungGen      total 338944K, used 0K [0x00000000e0000000, 0x00000000f6d80000, 0x0000000100000000)
  eden space 317440K, 0% used [0x00000000e0000000,0x00000000e0000000,0x00000000f3600000)
  from space 21504K, 0% used [0x00000000f4d80000,0x00000000f4d80000,0x00000000f6280000)
  to   space 24064K, 0% used [0x00000000f3600000,0x00000000f3600000,0x00000000f4d80000)
 ParOldGen       total 123904K, used 34234K [0x00000000a0000000, 0x00000000a7900000, 0x00000000e0000000)
  object space 123904K, 27% used [0x00000000a0000000,0x00000000a216ea50,0x00000000a7900000)
 Metaspace       used 57268K, capacity 58980K, committed 59028K, reserved 1099776K
  class space    used 7719K, capacity 8168K, committed 8192K, reserved 1048576K
}
Event: 61.806 GC heap before
{Heap before GC invocations=12 (full 3):
 PSYoungGen      total 338944K, used 317440K [0x00000000e0000000, 0x00000000f6d80000, 0x0000000100000000)
  eden space 317440K, 100% used [0x00000000e0000000,0x00000000f3600000,0x00000000f3600000)
  from space 21504K, 0% used [0x00000000f4d80000,0x00000000f4d80000,0x00000000f6280000)
  to   space 24064K, 0% used [0x00000000f3600000,0x00000000f3600000,0x00000000f4d80000)
 ParOldGen       total 123904K, used 34234K [0x00000000a0000000, 0x00000000a7900000, 0x00000000e0000000)
  object space 123904K, 27% used [0x00000000a0000000,0x00000000a216ea50,0x00000000a7900000)
 Metaspace       used 67893K, capacity 70433K, committed 70784K, reserved 1110016K
  class space    used 9150K, capacity 9735K, committed 9856K, reserved 1048576K
Event: 62.037 GC heap after
Heap after GC invocations=12 (full 3):
 PSYoungGen      total 341504K, used 24052K [0x00000000e0000000, 0x00000000fdd80000, 0x0000000100000000)
  eden space 317440K, 0% used [0x00000000e0000000,0x00000000e0000000,0x00000000f3600000)
  from space 24064K, 99% used [0x00000000f3600000,0x00000000f4d7d1e8,0x00000000f4d80000)
  to   space 30208K, 0% used [0x00000000fc000000,0x00000000fc000000,0x00000000fdd80000)
 ParOldGen       total 123904K, used 40698K [0x00000000a0000000, 0x00000000a7900000, 0x00000000e0000000)
  object space 123904K, 32% used [0x00000000a0000000,0x00000000a27bebc0,0x00000000a7900000)
 Metaspace       used 67893K, capacity 70433K, committed 70784K, reserved 1110016K
  class space    used 9150K, capacity 9735K, committed 9856K, reserved 1048576K
}
Event: 673.310 GC heap before
{Heap before GC invocations=13 (full 3):
 PSYoungGen      total 341504K, used 341492K [0x00000000e0000000, 0x00000000fdd80000, 0x0000000100000000)
  eden space 317440K, 100% used [0x00000000e0000000,0x00000000f3600000,0x00000000f3600000)
  from space 24064K, 99% used [0x00000000f3600000,0x00000000f4d7d1e8,0x00000000f4d80000)
  to   space 30208K, 0% used [0x00000000fc000000,0x00000000fc000000,0x00000000fdd80000)
 ParOldGen       total 123904K, used 40698K [0x00000000a0000000, 0x00000000a7900000, 0x00000000e0000000)
  object space 123904K, 32% used [0x00000000a0000000,0x00000000a27bebc0,0x00000000a7900000)
 Metaspace       used 77396K, capacity 80269K, committed 80512K, reserved 1118208K
  class space    used 10180K, capacity 10849K, committed 10880K, reserved 1048576K
Event: 673.383 GC heap after
Heap after GC invocations=13 (full 3):
 PSYoungGen      total 444928K, used 30195K [0x00000000e0000000, 0x00000000fdd80000, 0x0000000100000000)
  eden space 414720K, 0% used [0x00000000e0000000,0x00000000e0000000,0x00000000f9500000)
  from space 30208K, 99% used [0x00000000fc000000,0x00000000fdd7ce50,0x00000000fdd80000)
  to   space 35840K, 0% used [0x00000000f9780000,0x00000000f9780000,0x00000000fba80000)
 ParOldGen       total 123904K, used 44035K [0x00000000a0000000, 0x00000000a7900000, 0x00000000e0000000)
  object space 123904K, 35% used [0x00000000a0000000,0x00000000a2b00f60,0x00000000a7900000)
 Metaspace       used 77396K, capacity 80269K, committed 80512K, reserved 1118208K
  class space    used 10180K, capacity 10849K, committed 10880K, reserved 1048576K
}

