# JRE version: OpenJDK Runtime Environment (8.0_152-b06) (build 1.8.0_152-release-1136-b06)
# Java VM: OpenJDK 64-Bit Server VM (25.152-b06 mixed mode windows-amd64 compressed oops)
Heap:
 PSYoungGen      total 244224K, used 109896K [0x00000000e0000000, 0x00000000f1180000, 0x0000000100000000)
  eden space 230400K, 41% used [0x00000000e0000000,0x00000000e5e1b6f0,0x00000000ee100000)
  from space 13824K, 97% used [0x00000000f0400000,0x00000000f1136c20,0x00000000f1180000)
  to   space 22528K, 0% used [0x00000000ee580000,0x00000000ee580000,0x00000000efb80000)
 ParOldGen       total 129024K, used 34904K [0x00000000a0000000, 0x00000000a7e00000, 0x00000000e0000000)
  object space 129024K, 27% used [0x00000000a0000000,0x00000000a2216158,0x00000000a7e00000)
 Metaspace       used 69346K, capacity 71492K, committed 71704K, reserved 1112064K
  class space    used 9272K, capacity 9739K, committed 9776K, reserved 1048576K
GC Heap History (10 events):
Event: 6.841 GC heap before
{Heap before GC invocations=11 (full 2):
 PSYoungGen      total 151040K, used 138240K [0x00000000e0000000, 0x00000000eeb00000, 0x0000000100000000)
  eden space 138240K, 100% used [0x00000000e0000000,0x00000000e8700000,0x00000000e8700000)
  from space 12800K, 0% used [0x00000000e9280000,0x00000000e9280000,0x00000000e9f00000)
  to   space 11776K, 0% used [0x00000000e8700000,0x00000000e8700000,0x00000000e9280000)
 ParOldGen       total 84480K, used 14118K [0x00000000a0000000, 0x00000000a5280000, 0x00000000e0000000)
  object space 84480K, 16% used [0x00000000a0000000,0x00000000a0dc9b20,0x00000000a5280000)
 Metaspace       used 43271K, capacity 44112K, committed 44328K, reserved 1087488K
  class space    used 5851K, capacity 6131K, committed 6192K, reserved 1048576K
Event: 6.857 GC heap after
Heap after GC invocations=11 (full 2):
 PSYoungGen      total 150016K, used 11771K [0x00000000e0000000, 0x00000000ed580000, 0x0000000100000000)
  eden space 138240K, 0% used [0x00000000e0000000,0x00000000e0000000,0x00000000e8700000)
  from space 11776K, 99% used [0x00000000e8700000,0x00000000e927ee00,0x00000000e9280000)
  to   space 14848K, 0% used [0x00000000ec700000,0x00000000ec700000,0x00000000ed580000)
 ParOldGen       total 84480K, used 18226K [0x00000000a0000000, 0x00000000a5280000, 0x00000000e0000000)
  object space 84480K, 21% used [0x00000000a0000000,0x00000000a11cca80,0x00000000a5280000)
 Metaspace       used 43271K, capacity 44112K, committed 44328K, reserved 1087488K
  class space    used 5851K, capacity 6131K, committed 6192K, reserved 1048576K
}
Event: 9.016 GC heap before
{Heap before GC invocations=12 (full 2):
 PSYoungGen      total 150016K, used 150011K [0x00000000e0000000, 0x00000000ed580000, 0x0000000100000000)
  eden space 138240K, 100% used [0x00000000e0000000,0x00000000e8700000,0x00000000e8700000)
  from space 11776K, 99% used [0x00000000e8700000,0x00000000e927ee00,0x00000000e9280000)
  to   space 14848K, 0% used [0x00000000ec700000,0x00000000ec700000,0x00000000ed580000)
 ParOldGen       total 84480K, used 18226K [0x00000000a0000000, 0x00000000a5280000, 0x00000000e0000000)
  object space 84480K, 21% used [0x00000000a0000000,0x00000000a11cca80,0x00000000a5280000)
 Metaspace       used 55282K, capacity 56922K, committed 57128K, reserved 1097728K
  class space    used 7523K, capacity 7948K, committed 7984K, reserved 1048576K
Event: 9.048 GC heap after
Heap after GC invocations=12 (full 2):
 PSYoungGen      total 198656K, used 14845K [0x00000000e0000000, 0x00000000edc80000, 0x0000000100000000)
  eden space 183808K, 0% used [0x00000000e0000000,0x00000000e0000000,0x00000000eb380000)
  from space 14848K, 99% used [0x00000000ec700000,0x00000000ed57f500,0x00000000ed580000)
  to   space 19968K, 0% used [0x00000000eb380000,0x00000000eb380000,0x00000000ec700000)
 ParOldGen       total 84480K, used 26926K [0x00000000a0000000, 0x00000000a5280000, 0x00000000e0000000)
  object space 84480K, 31% used [0x00000000a0000000,0x00000000a1a4bb08,0x00000000a5280000)
 Metaspace       used 55282K, capacity 56922K, committed 57128K, reserved 1097728K
  class space    used 7523K, capacity 7948K, committed 7984K, reserved 1048576K
}
Event: 10.258 GC heap before
{Heap before GC invocations=13 (full 2):
 PSYoungGen      total 198656K, used 81511K [0x00000000e0000000, 0x00000000edc80000, 0x0000000100000000)
  eden space 183808K, 36% used [0x00000000e0000000,0x00000000e411aab8,0x00000000eb380000)
  from space 14848K, 99% used [0x00000000ec700000,0x00000000ed57f500,0x00000000ed580000)
  to   space 19968K, 0% used [0x00000000eb380000,0x00000000eb380000,0x00000000ec700000)
 ParOldGen       total 84480K, used 26926K [0x00000000a0000000, 0x00000000a5280000, 0x00000000e0000000)
  object space 84480K, 31% used [0x00000000a0000000,0x00000000a1a4bb08,0x00000000a5280000)
 Metaspace       used 57499K, capacity 59132K, committed 59160K, reserved 1099776K
  class space    used 7825K, capacity 8223K, committed 8240K, reserved 1048576K
Event: 10.279 GC heap after
Heap after GC invocations=13 (full 2):
 PSYoungGen      total 203776K, used 19949K [0x00000000e0000000, 0x00000000f1a80000, 0x0000000100000000)
  eden space 183808K, 0% used [0x00000000e0000000,0x00000000e0000000,0x00000000eb380000)
  from space 19968K, 99% used [0x00000000eb380000,0x00000000ec6fb7a8,0x00000000ec700000)
  to   space 23040K, 0% used [0x00000000f0400000,0x00000000f0400000,0x00000000f1a80000)
 ParOldGen       total 84480K, used 27434K [0x00000000a0000000, 0x00000000a5280000, 0x00000000e0000000)
  object space 84480K, 32% used [0x00000000a0000000,0x00000000a1acaaf0,0x00000000a5280000)
 Metaspace       used 57499K, capacity 59132K, committed 59160K, reserved 1099776K
  class space    used 7825K, capacity 8223K, committed 8240K, reserved 1048576K
}
Event: 10.279 GC heap before
{Heap before GC invocations=14 (full 3):
 PSYoungGen      total 203776K, used 19949K [0x00000000e0000000, 0x00000000f1a80000, 0x0000000100000000)
  eden space 183808K, 0% used [0x00000000e0000000,0x00000000e0000000,0x00000000eb380000)
  from space 19968K, 99% used [0x00000000eb380000,0x00000000ec6fb7a8,0x00000000ec700000)
  to   space 23040K, 0% used [0x00000000f0400000,0x00000000f0400000,0x00000000f1a80000)
 ParOldGen       total 84480K, used 27434K [0x00000000a0000000, 0x00000000a5280000, 0x00000000e0000000)
  object space 84480K, 32% used [0x00000000a0000000,0x00000000a1acaaf0,0x00000000a5280000)
 Metaspace       used 57499K, capacity 59132K, committed 59160K, reserved 1099776K
  class space    used 7825K, capacity 8223K, committed 8240K, reserved 1048576K
Event: 10.496 GC heap after
Heap after GC invocations=14 (full 3):
 PSYoungGen      total 203776K, used 0K [0x00000000e0000000, 0x00000000f1a80000, 0x0000000100000000)
  eden space 183808K, 0% used [0x00000000e0000000,0x00000000e0000000,0x00000000eb380000)
  from space 19968K, 0% used [0x00000000eb380000,0x00000000eb380000,0x00000000ec700000)
  to   space 23040K, 0% used [0x00000000f0400000,0x00000000f0400000,0x00000000f1a80000)
 ParOldGen       total 129024K, used 34896K [0x00000000a0000000, 0x00000000a7e00000, 0x00000000e0000000)
  object space 129024K, 27% used [0x00000000a0000000,0x00000000a2214158,0x00000000a7e00000)
 Metaspace       used 57499K, capacity 59132K, committed 59160K, reserved 1099776K
  class space    used 7825K, capacity 8223K, committed 8240K, reserved 1048576K
}
Event: 25.883 GC heap before
{Heap before GC invocations=15 (full 3):
 PSYoungGen      total 203776K, used 183808K [0x00000000e0000000, 0x00000000f1a80000, 0x0000000100000000)
  eden space 183808K, 100% used [0x00000000e0000000,0x00000000eb380000,0x00000000eb380000)
  from space 19968K, 0% used [0x00000000eb380000,0x00000000eb380000,0x00000000ec700000)
  to   space 23040K, 0% used [0x00000000f0400000,0x00000000f0400000,0x00000000f1a80000)
 ParOldGen       total 129024K, used 34896K [0x00000000a0000000, 0x00000000a7e00000, 0x00000000e0000000)
  object space 129024K, 27% used [0x00000000a0000000,0x00000000a2214158,0x00000000a7e00000)
 Metaspace       used 65308K, capacity 67158K, committed 67480K, reserved 1107968K
  class space    used 8869K, capacity 9320K, committed 9392K, reserved 1048576K
Event: 25.896 GC heap after
Heap after GC invocations=15 (full 3):
 PSYoungGen      total 244224K, used 13531K [0x00000000e0000000, 0x00000000f1180000, 0x0000000100000000)
  eden space 230400K, 0% used [0x00000000e0000000,0x00000000e0000000,0x00000000ee100000)
  from space 13824K, 97% used [0x00000000f0400000,0x00000000f1136c20,0x00000000f1180000)
  to   space 22528K, 0% used [0x00000000ee580000,0x00000000ee580000,0x00000000efb80000)
 ParOldGen       total 129024K, used 34904K [0x00000000a0000000, 0x00000000a7e00000, 0x00000000e0000000)
  object space 129024K, 27% used [0x00000000a0000000,0x00000000a2216158,0x00000000a7e00000)
 Metaspace       used 65308K, capacity 67158K, committed 67480K, reserved 1107968K
  class space    used 8869K, capacity 9320K, committed 9392K, reserved 1048576K
}

